/Library/Python/2.7/site-packages/tensorflow/python/ops/gradients_impl.py:93: UserWarning: Converting sparse IndexedSlices to a dense Tensor of unknown shape. This may consume a large amount of memory.
  "Converting sparse IndexedSlices to a dense Tensor of unknown shape. "
2017-07-20 18:39:28.510923: W tensorflow/core/platform/cpu_feature_guard.cc:45] The TensorFlow library wasn't compiled to use SSE4.2 instructions, but these are available on your machine and could speed up CPU computations.
2017-07-20 18:39:28.510950: W tensorflow/core/platform/cpu_feature_guard.cc:45] The TensorFlow library wasn't compiled to use AVX instructions, but these are available on your machine and could speed up CPU computations.
2017-07-20 18:39:28.510958: W tensorflow/core/platform/cpu_feature_guard.cc:45] The TensorFlow library wasn't compiled to use AVX2 instructions, but these are available on your machine and could speed up CPU computations.
2017-07-20 18:39:28.510964: W tensorflow/core/platform/cpu_feature_guard.cc:45] The TensorFlow library wasn't compiled to use FMA instructions, but these are available on your machine and could speed up CPU computations.
train: (0.67763734, (0.0, 0.8025794)) test: SKIP
train: (0.6819759, (0.8025794, 0.7557044)) test: SKIP
train: (0.68216544, (0.7557044, 0.72282434)) test: SKIP
train: (0.69898891, (0.72282434, 0.65053833)) test: SKIP
train: (0.68611258, (0.65053833, 0.6373682)) test: SKIP
train: (0.68589735, (0.6373682, 0.6349237)) test: SKIP
train: (0.68663263, (0.6349237, 0.63060641)) test: SKIP
train: (0.69902956, (0.63060641, 0.61790293)) test: SKIP
train: (0.69093692, (0.61790293, 0.61088806)) test: SKIP
train: (0.68822509, (0.61088806, 0.61511558)) test: SKIP
train: (0.6869002, (0.61511558, 0.61457348)) test: SKIP
train: (0.67273223, (0.61457348, 0.62332827)) test: SKIP
train: (0.6862945, (0.62332827, 0.61544752)) test: SKIP
train: (0.68605453, (0.61544752, 0.61422968)) test: SKIP
train: (0.69098854, (0.61422968, 0.60753119)) test: SKIP
train: (0.68328595, (0.60753119, 0.60787296)) test: SKIP
train: (0.68512344, (0.60787296, 0.60192305)) test: SKIP
train: (0.67544997, (0.60192305, 0.60516357)) test: SKIP
train: (0.68042219, (0.60516357, 0.60497236)) test: SKIP
train: (0.68207276, (0.60497236, 0.60380989)) test: (0.68369281, (0.60380989, 0.59258556))
train: (0.66802502, (0.59258556, 0.59514773)) test: SKIP
train: (0.67827094, (0.59514773, 0.59626281)) test: SKIP
train: (0.68175662, (0.59626281, 0.59576076)) test: SKIP
train: (0.6709789, (0.59576076, 0.59779537)) test: SKIP
train: (0.67696959, (0.59779537, 0.59771633)) test: SKIP
train: (0.65034556, (0.59771633, 0.60059524)) test: SKIP
train: (0.66125005, (0.60059524, 0.60257047)) test: SKIP
train: (0.66481775, (0.60257047, 0.60453254)) test: SKIP
train: (0.66622567, (0.60453254, 0.60481459)) test: SKIP
train: (0.68505526, (0.60481459, 0.60399169)) test: SKIP
train: (0.68718338, (0.60399169, 0.60315049)) test: SKIP
train: (0.64074898, (0.60315049, 0.60412472)) test: SKIP
train: (0.60371238, (0.60412472, 0.60857213)) test: SKIP
train: (0.71076727, (0.60857213, 0.60589826)) test: SKIP
train: (0.6725505, (0.60589826, 0.60557413)) test: SKIP
train: (0.66298914, (0.60557413, 0.60651016)) test: SKIP
train: (0.61315715, (0.60651016, 0.60967159)) test: SKIP
train: (0.64868808, (0.60967159, 0.61169171)) test: SKIP
train: (0.66410035, (0.61169171, 0.61113513)) test: SKIP
train: (0.6354357, (0.61113513, 0.61348408)) test: (0.6561777, (0.61348408, 0.62927926))
train: (0.62223017, (0.62927926, 0.63060617)) test: SKIP
train: (0.61459816, (0.63060617, 0.63187701)) test: SKIP
train: (0.64003241, (0.63187701, 0.63234049)) test: SKIP
train: (0.62147057, (0.63234049, 0.63281751)) test: SKIP
train: (0.60216826, (0.63281751, 0.63421237)) test: SKIP
train: (0.63411307, (0.63421237, 0.63488209)) test: SKIP
train: (0.60913658, (0.63488209, 0.63633502)) test: SKIP
train: (0.51434541, (0.63633502, 0.6392014)) test: SKIP
train: (0.60456699, (0.6392014, 0.64044881)) test: SKIP
train: (0.61462438, (0.64044881, 0.6409905)) test: SKIP
train: (0.68610799, (0.6409905, 0.64019424)) test: SKIP
train: (0.57930523, (0.64019424, 0.6415062)) test: SKIP
train: (0.61059391, (0.6415062, 0.64261365)) test: SKIP
train: (0.62104952, (0.64261365, 0.64386153)) test: SKIP
train: (0.62644124, (0.64386153, 0.64450163)) test: SKIP
train: (0.60626763, (0.64450163, 0.64587116)) test: SKIP
train: (0.65743679, (0.64587116, 0.64603484)) test: SKIP
train: (0.60711294, (0.64603484, 0.64735365)) test: SKIP
train: (0.57798278, (0.64735365, 0.64894056)) test: SKIP
train: (0.62143564, (0.64894056, 0.64946771)) test: (0.61958236, (0.64946771, 0.67082208))
train: (0.62297511, (0.67082208, 0.67139924)) test: SKIP
train: (0.59834278, (0.67139924, 0.67192769)) test: SKIP
train: (0.58995986, (0.67192769, 0.67280614)) test: SKIP
train: (0.57046676, (0.67280614, 0.67375427)) test: SKIP
train: (0.57844377, (0.67375427, 0.6745944)) test: SKIP
train: (0.60909545, (0.6745944, 0.67485899)) test: SKIP
train: (0.58894253, (0.67485899, 0.67509508)) test: SKIP
train: (0.50386047, (0.67509508, 0.67625976)) test: SKIP
train: (0.55097377, (0.67625976, 0.67716014)) test: SKIP
train: (0.50610906, (0.67716014, 0.67855531)) test: SKIP
train: (0.52638382, (0.67855531, 0.67948842)) test: SKIP
train: (0.53280365, (0.67948842, 0.68039495)) test: SKIP
train: (0.53430891, (0.68039495, 0.68101835)) test: SKIP
train: (0.56134695, (0.68101835, 0.68171084)) test: SKIP
train: (0.54572242, (0.68171084, 0.68282837)) test: SKIP
train: (0.52706581, (0.68282837, 0.68385071)) test: SKIP
train: (0.55825841, (0.68385071, 0.68488693)) test: SKIP
train: (0.55707604, (0.68488693, 0.68562341)) test: SKIP
train: (0.46449727, (0.68562341, 0.68744767)) test: SKIP
train: (0.48166785, (0.68744767, 0.68914115)) test: (0.57372856, (0.68914115, 0.70595276))
train: (0.59917235, (0.70595276, 0.70616889)) test: SKIP
train: (0.50453711, (0.70616889, 0.70706195)) test: SKIP
train: (0.5602951, (0.70706195, 0.70743555)) test: SKIP
train: (0.57299972, (0.70743555, 0.70764744)) test: SKIP
train: (0.47350043, (0.70764744, 0.70864195)) test: SKIP
train: (0.53391403, (0.70864195, 0.70916599)) test: SKIP
train: (0.53588384, (0.70916599, 0.70990199)) test: SKIP
train: (0.4319261, (0.70990199, 0.71107215)) test: SKIP
train: (0.48686734, (0.71107215, 0.71165729)) test: SKIP
train: (0.50169557, (0.71165729, 0.71219528)) test: SKIP
train: (0.53361273, (0.71219528, 0.71267718)) test: SKIP
train: (0.45298067, (0.71267718, 0.71364886)) test: SKIP
train: (0.62997317, (0.71364886, 0.71367651)) test: SKIP
train: (0.49770504, (0.71367651, 0.71441013)) test: SKIP
train: (0.43892646, (0.71441013, 0.71526963)) test: SKIP
train: (0.5901072, (0.71526963, 0.71547151)) test: SKIP
train: (0.52844346, (0.71547151, 0.71614969)) test: SKIP
train: (0.51489478, (0.71614969, 0.7165435)) test: SKIP
train: (0.48059684, (0.7165435, 0.7172817)) test: SKIP
train: (0.50358987, (0.7172817, 0.71775985)) test: (0.54526734, (0.71775985, 0.73014259))
train: (0.4710241, (0.73014259, 0.73056996)) test: SKIP
train: (0.53390896, (0.73056996, 0.73080134)) test: SKIP
train: (0.53116083, (0.73080134, 0.73106194)) test: SKIP
train: (0.55219978, (0.73106194, 0.73115683)) test: SKIP
train: (0.56178522, (0.73115683, 0.73116815)) test: SKIP
train: (0.53976893, (0.73116815, 0.73142278)) test: SKIP
train: (0.50596786, (0.73142278, 0.73198521)) test: SKIP
train: (0.5438872, (0.73198521, 0.73220325)) test: SKIP
train: (0.57095861, (0.73220325, 0.73253644)) test: SKIP
train: (0.53044987, (0.73253644, 0.73291206)) test: SKIP
train: (0.52989066, (0.73291206, 0.73334157)) test: SKIP
train: (0.54675174, (0.73334157, 0.73367232)) test: SKIP
train: (0.60621232, (0.73367232, 0.733679)) test: SKIP
train: (0.54557008, (0.733679, 0.73402536)) test: SKIP
train: (0.52375996, (0.73402536, 0.73434711)) test: SKIP
train: (0.47937733, (0.73434711, 0.73483855)) test: SKIP
train: (0.48155826, (0.73483855, 0.73537099)) test: SKIP
train: (0.54377341, (0.73537099, 0.73557663)) test: SKIP
train: (0.47001776, (0.73557663, 0.73611867)) test: SKIP
train: (0.38752222, (0.73611867, 0.73700655)) test: (0.55510134, (0.73700655, 0.74462771))
train: (0.46388483, (0.74462771, 0.74517417)) test: SKIP
train: (0.60216737, (0.74517417, 0.74524617)) test: SKIP
train: (0.54932737, (0.74524617, 0.74530226)) test: SKIP
train: (0.42218688, (0.74530226, 0.74593323)) test: SKIP
train: (0.46341795, (0.74593323, 0.74649459)) test: SKIP
train: (0.44987872, (0.74649459, 0.74701941)) test: SKIP
train: (0.52311027, (0.74701941, 0.74731183)) test: SKIP
train: (0.4297272, (0.74731183, 0.74784029)) test: SKIP
train: (0.54334927, (0.74784029, 0.74790859)) test: SKIP
train: (0.58873534, (0.74790859, 0.74786574)) test: SKIP
train: (0.55544341, (0.74786574, 0.74799645)) test: SKIP
train: (0.57914102, (0.74799645, 0.74819893)) test: SKIP
train: (0.51973283, (0.74819893, 0.74850106)) test: SKIP
train: (0.47233555, (0.74850106, 0.74901688)) test: SKIP
train: (0.42903864, (0.74901688, 0.74966687)) test: SKIP
train: (0.41622695, (0.74966687, 0.75036466)) test: SKIP
train: (0.51571095, (0.75036466, 0.75069755)) test: SKIP
train: (0.42430857, (0.75069755, 0.75141346)) test: SKIP
train: (0.40176949, (0.75141346, 0.75214553)) test: SKIP
train: (0.42969525, (0.75214553, 0.75270516)) test: (0.52782369, (0.75270516, 0.76007998))
train: (0.41702032, (0.76007998, 0.76065069)) test: SKIP
train: (0.35761419, (0.76065069, 0.76125956)) test: SKIP
train: (0.30304447, (0.76125956, 0.76209968)) test: SKIP
train: (0.36178246, (0.76209968, 0.76268351)) test: SKIP
train: (0.27813697, (0.76268351, 0.76338172)) test: SKIP
train: (0.43932796, (0.76338172, 0.76391208)) test: SKIP
train: (0.46555024, (0.76391208, 0.76422822)) test: SKIP
train: (0.32533467, (0.76422822, 0.76493925)) test: SKIP
train: (0.4368301, (0.76493925, 0.76526845)) test: SKIP
train: (0.37042356, (0.76526845, 0.76588976)) test: SKIP
train: (0.39669114, (0.76588976, 0.7663362)) test: SKIP
train: (0.36747748, (0.7663362, 0.7670089)) test: SKIP
train: (0.44315305, (0.7670089, 0.76727974)) test: SKIP
train: (0.34341633, (0.76727974, 0.7679044)) test: SKIP
train: (0.35688561, (0.7679044, 0.76852286)) test: SKIP
train: (0.38228494, (0.76852286, 0.76901805)) test: SKIP
train: (0.36033595, (0.76901805, 0.76958543)) test: SKIP
train: (0.3582657, (0.76958543, 0.77011836)) test: SKIP
train: (0.26764759, (0.77011836, 0.77086103)) test: SKIP
train: (0.31223398, (0.77086103, 0.77138901)) test: (0.50526601, (0.77138901, 0.77694112))
train: (0.31281137, (0.77694112, 0.77748793)) test: SKIP
train: (0.34343362, (0.77748793, 0.77792895)) test: SKIP
train: (0.34198925, (0.77792895, 0.77845216)) test: SKIP
train: (0.27306604, (0.77845216, 0.77906007)) test: SKIP
train: (0.31215441, (0.77906007, 0.77960217)) test: SKIP
train: (0.20727484, (0.77960217, 0.78033406)) test: SKIP
train: (0.48419291, (0.78033406, 0.78055251)) test: SKIP
train: (0.32913214, (0.78055251, 0.78105015)) test: SKIP
train: (0.28426892, (0.78105015, 0.78158826)) test: SKIP
train: (0.29690146, (0.78158826, 0.78213716)) test: SKIP
train: (0.28229302, (0.78213716, 0.78269374)) test: SKIP
train: (0.33463815, (0.78269374, 0.78317297)) test: SKIP
train: (0.28772867, (0.78317297, 0.78374225)) test: SKIP
train: (0.38218367, (0.78374225, 0.78406483)) test: SKIP
train: (0.18303956, (0.78406483, 0.78484303)) test: SKIP
train: (0.22737822, (0.78484303, 0.78549993)) test: SKIP
train: (0.26877168, (0.78549993, 0.78599161)) test: SKIP
train: (0.22405705, (0.78599161, 0.78662455)) test: SKIP
train: (0.25697222, (0.78662455, 0.787193)) test: SKIP
train: (0.15941307, (0.787193, 0.78791314)) test: (0.55378664, (0.78791314, 0.79095209))
train: (0.27574235, (0.79095209, 0.79145759)) test: SKIP
train: (0.18892914, (0.79145759, 0.79205698)) test: SKIP
train: (0.24421743, (0.79205698, 0.79261309)) test: SKIP
train: (0.29158273, (0.79261309, 0.79301429)) test: SKIP
train: (0.25383934, (0.79301429, 0.79357189)) test: SKIP
train: (0.25810799, (0.79357189, 0.79406744)) test: SKIP
train: (0.31076837, (0.79406744, 0.79443151)) test: SKIP
train: (0.31693542, (0.79443151, 0.79486138)) test: SKIP
train: (0.19161278, (0.79486138, 0.79548663)) test: SKIP
train: (0.37510425, (0.79548663, 0.79578584)) test: SKIP
train: (0.2866329, (0.79578584, 0.79624611)) test: SKIP
train: (0.30298963, (0.79624611, 0.79666775)) test: SKIP
train: (0.31830099, (0.79666775, 0.79705912)) test: SKIP
train: (0.2612617, (0.79705912, 0.79755944)) test: SKIP
train: (0.37520462, (0.79755944, 0.79790145)) test: SKIP
train: (0.25793892, (0.79790145, 0.7984128)) test: SKIP
train: (0.27626428, (0.7984128, 0.7988649)) test: SKIP
train: (0.2171118, (0.7988649, 0.7994104)) test: SKIP
train: (0.28629985, (0.7994104, 0.79979092)) test: SKIP
train: (0.22052082, (0.79979092, 0.80032408)) test: (0.52025265, (0.80032408, 0.80276322))
train: (0.17766285, (0.80276322, 0.80329072)) test: SKIP
train: (0.14915885, (0.80329072, 0.80383849)) test: SKIP
train: (0.1909337, (0.80383849, 0.8043257)) test: SKIP
train: (0.18478531, (0.8043257, 0.80484617)) test: SKIP
train: (0.22799736, (0.80484617, 0.80535775)) test: SKIP
train: (0.21216317, (0.80535775, 0.80580688)) test: SKIP
train: (0.19141129, (0.80580688, 0.80629516)) test: SKIP
train: (0.16893359, (0.80629516, 0.8068018)) test: SKIP
train: (0.23681201, (0.8068018, 0.80723876)) test: SKIP
train: (0.2275824, (0.80723876, 0.80765694)) test: SKIP
train: (0.18603924, (0.80765694, 0.8081308)) test: SKIP
train: (0.089958489, (0.8081308, 0.80873537)) test: SKIP
train: (0.17949565, (0.80873537, 0.80925542)) test: SKIP
train: (0.30225152, (0.80925542, 0.8096168)) test: SKIP
train: (0.25361979, (0.8096168, 0.81001043)) test: SKIP
train: (0.20224965, (0.81001043, 0.81048751)) test: SKIP
train: (0.31345761, (0.81048751, 0.81079036)) test: SKIP
train: (0.29884088, (0.81079036, 0.81111032)) test: SKIP
train: (0.26680389, (0.81111032, 0.81148428)) test: SKIP
train: (0.23878205, (0.81148428, 0.81192774)) test: (0.52092659, (0.81192774, 0.81256157))
train: (0.19039807, (0.81256157, 0.81301314)) test: SKIP
train: (0.34021986, (0.81301314, 0.81324869)) test: SKIP
train: (0.29307458, (0.81324869, 0.81355935)) test: SKIP
train: (0.22525507, (0.81355935, 0.8139782)) test: SKIP
train: (0.19646811, (0.8139782, 0.81443328)) test: SKIP
train: (0.32180607, (0.81443328, 0.81473541)) test: SKIP
train: (0.16558932, (0.81473541, 0.81519461)) test: SKIP
train: (0.25596911, (0.81519461, 0.81553221)) test: SKIP
train: (0.29473042, (0.81553221, 0.81588525)) test: SKIP
train: (0.23129846, (0.81588525, 0.81630844)) test: SKIP
train: (0.25423464, (0.81630844, 0.81664765)) test: SKIP
train: (0.17188348, (0.81664765, 0.81708008)) test: SKIP
train: (0.30618, (0.81708008, 0.81734592)) test: SKIP
train: (0.22776815, (0.81734592, 0.81769431)) test: SKIP
train: (0.25104672, (0.81769431, 0.81802207)) test: SKIP
train: (0.29904127, (0.81802207, 0.81831354)) test: SKIP
train: (0.28274339, (0.81831354, 0.81859905)) test: SKIP
train: (0.25708351, (0.81859905, 0.8189562)) test: SKIP
train: (0.27149665, (0.8189562, 0.81931335)) test: SKIP
train: (0.2472209, (0.81931335, 0.81967032)) test: (0.51126736, (0.81967032, 0.82052767))
train: (0.26018667, (0.82052767, 0.82085216)) test: SKIP
train: (0.33765388, (0.82085216, 0.82106864)) test: SKIP
train: (0.21970393, (0.82106864, 0.82142574)) test: SKIP
train: (0.19815989, (0.82142574, 0.82180387)) test: SKIP
train: (0.30711833, (0.82180387, 0.82207054)) test: SKIP
train: (0.32342052, (0.82207054, 0.8222667)) test: SKIP
train: (0.27730161, (0.8222667, 0.82254219)) test: SKIP
train: (0.20606527, (0.82254219, 0.82290238)) test: SKIP
train: (0.25611925, (0.82290238, 0.82316709)) test: SKIP
train: (0.16858548, (0.82316709, 0.8235603)) test: SKIP
train: (0.20062453, (0.8235603, 0.82392186)) test: SKIP
train: (0.15979373, (0.82392186, 0.82429326)) test: SKIP
train: (0.19158028, (0.82429326, 0.824655)) test: SKIP
train: (0.09154059, (0.824655, 0.82510597)) test: SKIP
train: (0.18016741, (0.82510597, 0.82548594)) test: SKIP
train: (0.30496621, (0.82548594, 0.82578146)) test: SKIP
train: (0.087860949, (0.82578146, 0.82623076)) test: SKIP
train: (0.25054783, (0.82623076, 0.82659197)) test: SKIP
train: (0.13466869, (0.82659197, 0.82701844)) test: SKIP
train: (0.29371259, (0.82701844, 0.82729882)) test: (0.61921662, (0.82729882, 0.82643944))
train: (0.11945064, (0.82643944, 0.82684845)) test: SKIP
train: (0.21043134, (0.82684845, 0.82712907)) test: SKIP
train: (0.32195583, (0.82712907, 0.82734942)) test: SKIP
train: (0.29469705, (0.82734942, 0.827537)) test: SKIP
train: (0.30728373, (0.827537, 0.82776415)) test: SKIP
train: (0.33677495, (0.82776415, 0.82793868)) test: SKIP
train: (0.22773279, (0.82793868, 0.82823849)) test: SKIP
train: (0.18829694, (0.82823849, 0.82857603)) test: SKIP
train: (0.19814083, (0.82857603, 0.82888681)) test: SKIP
train: (0.29217428, (0.82888681, 0.82913131)) test: SKIP
train: (0.20228484, (0.82913131, 0.82944351)) test: SKIP
train: (0.24235202, (0.82944351, 0.82971382)) test: SKIP
train: (0.22643663, (0.82971382, 0.83000648)) test: SKIP
train: (0.1766361, (0.83000648, 0.83034229)) test: SKIP
train: (0.1369155, (0.83034229, 0.83072764)) test: SKIP
train: (0.23135285, (0.83072764, 0.83103079)) test: SKIP
train: (0.16504215, (0.83103079, 0.83135837)) test: SKIP
train: (0.083795108, (0.83135837, 0.83176929)) test: SKIP
train: (0.18674615, (0.83176929, 0.83206892)) test: SKIP
train: (0.19423163, (0.83206892, 0.83235657)) test: (0.57423091, (0.83235657, 0.83184582))
train: (0.12734236, (0.83184582, 0.83218527)) test: SKIP
train: (0.27437919, (0.83218527, 0.83244461)) test: SKIP
train: (0.16283402, (0.83244461, 0.83273995)) test: SKIP
train: (0.16361062, (0.83273995, 0.83304131)) test: SKIP
train: (0.17709959, (0.83304131, 0.83337539)) test: SKIP
train: (0.17504624, (0.83337539, 0.83365351)) test: SKIP
train: (0.099759847, (0.83365351, 0.83401692)) test: SKIP
train: (0.13668856, (0.83401692, 0.83432752)) test: SKIP
train: (0.14491141, (0.83432752, 0.83464503)) test: SKIP
train: (0.12596405, (0.83464503, 0.83498305)) test: SKIP
train: (0.15240151, (0.83498305, 0.83529568)) test: SKIP
train: (0.10979418, (0.83529568, 0.83564144)) test: SKIP
train: (0.06196171, (0.83564144, 0.83603078)) test: SKIP
train: (0.13851717, (0.83603078, 0.83634067)) test: SKIP
train: (0.1735006, (0.83634067, 0.83662552)) test: SKIP
train: (0.084118411, (0.83662552, 0.83698744)) test: SKIP
train: (0.090132147, (0.83698744, 0.83735317)) test: SKIP
train: (0.077597976, (0.83735317, 0.83771253)) test: SKIP
train: (0.097348265, (0.83771253, 0.83806068)) test: SKIP
train: (0.15534389, (0.83806068, 0.8383562)) test: (0.64100951, (0.8383562, 0.83666462))
train: (0.11432324, (0.83666462, 0.83699054)) test: SKIP
train: (0.071417123, (0.83699054, 0.83735269)) test: SKIP
train: (0.12971047, (0.83735269, 0.83763611)) test: SKIP
train: (0.078057826, (0.83763611, 0.8379761)) test: SKIP
train: (0.16545071, (0.8379761, 0.83825034)) test: SKIP
train: (0.16972986, (0.83825034, 0.83851498)) test: SKIP
train: (0.11100544, (0.83851498, 0.83884025)) test: SKIP
train: (0.053307086, (0.83884025, 0.8391993)) test: SKIP
train: (0.085922986, (0.8391993, 0.83951581)) test: SKIP
train: (0.097970456, (0.83951581, 0.83983487)) test: SKIP
train: (0.054593354, (0.83983487, 0.84018844)) test: SKIP
train: (0.16671005, (0.84018844, 0.84043473)) test: SKIP
train: (0.12253294, (0.84043473, 0.84073496)) test: SKIP
train: (0.090074211, (0.84073496, 0.8410576)) test: SKIP
train: (0.037980594, (0.8410576, 0.84142345)) test: SKIP
train: (0.15367979, (0.84142345, 0.84173232)) test: SKIP
train: (0.12687598, (0.84173232, 0.84202093)) test: SKIP
train: (0.12063602, (0.84202093, 0.842305)) test: SKIP
train: (0.098605275, (0.842305, 0.84260982)) test: SKIP
train: (0.12220169, (0.84260982, 0.84290516)) test: (0.68269491, (0.84290516, 0.84132892))
train: (0.076455459, (0.84132892, 0.84164935)) test: SKIP
train: (0.052007817, (0.84164935, 0.84198171)) test: SKIP
train: (0.20186627, (0.84198171, 0.84219694)) test: SKIP
train: (0.067328416, (0.84219694, 0.84252423)) test: SKIP
train: (0.13453251, (0.84252423, 0.84278989)) test: SKIP
train: (0.14362471, (0.84278989, 0.843059)) test: SKIP
train: (0.20163146, (0.843059, 0.84330076)) test: SKIP
train: (0.13961506, (0.84330076, 0.84355783)) test: SKIP
train: (0.12246475, (0.84355783, 0.84383279)) test: SKIP
train: (0.10343866, (0.84383279, 0.84412491)) test: SKIP
train: (0.12962371, (0.84412491, 0.84439099)) test: SKIP
train: (0.15318963, (0.84439099, 0.84465545)) test: SKIP
train: (0.075226575, (0.84465545, 0.84496349)) test: SKIP
train: (0.10397175, (0.84496349, 0.84525859)) test: SKIP
train: (0.029026557, (0.84525859, 0.84559274)) test: SKIP
train: (0.050459404, (0.84559274, 0.84591162)) test: SKIP
train: (0.084445551, (0.84591162, 0.8462041)) test: SKIP
train: (0.11351275, (0.8462041, 0.84649128)) test: SKIP
train: (0.070012227, (0.84649128, 0.84679604)) test: SKIP
train: (0.10649532, (0.84679604, 0.84707779)) test: (0.96221554, (0.84707779, 0.8441385))
train: (0.030809205, (0.8441385, 0.84445733)) test: SKIP
train: (0.15142885, (0.84445733, 0.84470886)) test: SKIP
train: (0.04812669, (0.84470886, 0.84500849)) test: SKIP
train: (0.034142844, (0.84500849, 0.8453182)) test: SKIP
train: (0.020951826, (0.8453182, 0.84563923)) test: SKIP
train: (0.21011217, (0.84563923, 0.84586447)) test: SKIP
train: (0.083371565, (0.84586447, 0.84614617)) test: SKIP
train: (0.1281008, (0.84614617, 0.84639072)) test: SKIP
train: (0.11048837, (0.84639072, 0.84664434)) test: SKIP
train: (0.10803178, (0.84664434, 0.84689671)) test: SKIP
train: (0.13870618, (0.84689671, 0.84712863)) test: SKIP
train: (0.14979106, (0.84712863, 0.84735316)) test: SKIP
train: (0.11408859, (0.84735316, 0.84760827)) test: SKIP
train: (0.14723793, (0.84760827, 0.84783107)) test: SKIP
train: (0.17363268, (0.84783107, 0.84804142)) test: SKIP
train: (0.17435767, (0.84804142, 0.84824216)) test: SKIP
train: (0.13492519, (0.84824216, 0.8484751)) test: SKIP
train: (0.10965358, (0.8484751, 0.84873176)) test: SKIP
train: (0.208278, (0.84873176, 0.84890264)) test: SKIP
train: (0.1155006, (0.84890264, 0.84914678)) test: (0.58536494, (0.84914678, 0.84816307))
train: (0.15935321, (0.84816307, 0.84836656)) test: SKIP
train: (0.073902488, (0.84836656, 0.84863085)) test: SKIP
train: (0.13915227, (0.84863085, 0.8488645)) test: SKIP
train: (0.090803072, (0.8488645, 0.84911722)) test: SKIP
train: (0.074067637, (0.84911722, 0.84937817)) test: SKIP
train: (0.13641089, (0.84937817, 0.84958982)) test: SKIP
train: (0.14605072, (0.84958982, 0.84980124)) test: SKIP
train: (0.16709951, (0.84980124, 0.85001194)) test: SKIP
train: (0.085474081, (0.85001194, 0.85025877)) test: SKIP
train: (0.12793605, (0.85025877, 0.85047847)) test: SKIP
train: (0.044571564, (0.85047847, 0.85075212)) test: SKIP
train: (0.17986575, (0.85075212, 0.85097367)) test: SKIP
train: (0.14621639, (0.85097367, 0.85118788)) test: SKIP
train: (0.050196655, (0.85118788, 0.85145944)) test: SKIP
train: (0.14805403, (0.85145944, 0.85165632)) test: SKIP
train: (0.086489052, (0.85165632, 0.8519026)) test: SKIP
train: (0.088395685, (0.8519026, 0.85214174)) test: SKIP
train: (0.11848171, (0.85214174, 0.85236502)) test: SKIP
train: (0.16116974, (0.85236502, 0.85257101)) test: SKIP
train: (0.097773336, (0.85257101, 0.85280186)) test: (0.6130392, (0.85280186, 0.85148603))
train: (0.13404316, (0.85148603, 0.85169381)) test: SKIP
train: (0.16114001, (0.85169381, 0.85187459)) test: SKIP
train: (0.10695148, (0.85187459, 0.85209185)) test: SKIP
train: (0.088687718, (0.85209185, 0.85232341)) test: SKIP
train: (0.13922274, (0.85232341, 0.85252714)) test: SKIP
train: (0.10302052, (0.85252714, 0.85274518)) test: SKIP
train: (0.073845819, (0.85274518, 0.8529855)) test: SKIP
train: (0.086667672, (0.8529855, 0.85321045)) test: SKIP
train: (0.13835992, (0.85321045, 0.85341078)) test: SKIP
train: (0.027585715, (0.85341078, 0.85367554)) test: SKIP
train: (0.16415784, (0.85367554, 0.85390162)) test: SKIP
train: (0.13621733, (0.85390162, 0.85410851)) test: SKIP
train: (0.10994434, (0.85410851, 0.85432649)) test: SKIP
train: (0.014293659, (0.85432649, 0.85459518)) test: SKIP
train: (0.046917804, (0.85459518, 0.85484385)) test: SKIP
train: (0.12363625, (0.85484385, 0.85504657)) test: SKIP
train: (0.095938414, (0.85504657, 0.85526466)) test: SKIP
train: (0.1672578, (0.85526466, 0.8554852)) test: SKIP
train: (0.15373155, (0.8554852, 0.85566622)) test: SKIP
train: (0.1363575, (0.85566622, 0.85586369)) test: (0.80807662, (0.85586369, 0.85304457))
train: (0.072110057, (0.85304457, 0.85327095)) test: SKIP
train: (0.12823859, (0.85327095, 0.85346872)) test: SKIP
train: (0.18879229, (0.85346872, 0.85363328)) test: SKIP
train: (0.093000621, (0.85363328, 0.85384053)) test: SKIP
train: (0.14400515, (0.85384053, 0.85402846)) test: SKIP
train: (0.099090412, (0.85402846, 0.85424131)) test: SKIP
train: (0.095044136, (0.85424131, 0.85445392)) test: SKIP
train: (0.075504333, (0.85445392, 0.85467261)) test: SKIP
train: (0.16050814, (0.85467261, 0.85485405)) test: SKIP
train: (0.10542119, (0.85485405, 0.8550601)) test: SKIP
train: (0.062743396, (0.8550601, 0.85528535)) test: SKIP
train: (0.13256592, (0.85528535, 0.85547245)) test: SKIP
train: (0.10586134, (0.85547245, 0.85567647)) test: SKIP
train: (0.094034247, (0.85567647, 0.85587829)) test: SKIP
train: (0.2270439, (0.85587829, 0.85603052)) test: SKIP
train: (0.075564891, (0.85603052, 0.85624725)) test: SKIP
train: (0.04401122, (0.85624725, 0.85648149)) test: SKIP
train: (0.1795446, (0.85648149, 0.85666281)) test: SKIP
train: (0.070143521, (0.85666281, 0.85687482)) test: SKIP
train: (0.040474802, (0.85687482, 0.85711032)) test: (0.77162433, (0.85711032, 0.85537732))
train: (0.042417705, (0.85537732, 0.85560358)) test: SKIP
train: (0.05509299, (0.85560358, 0.85581875)) test: SKIP
train: (0.047779914, (0.85581875, 0.85603988)) test: SKIP
train: (0.070920974, (0.85603988, 0.85624814)) test: SKIP
train: (0.020381466, (0.85624814, 0.85648453)) test: SKIP
train: (0.02828227, (0.85648453, 0.85671449)) test: SKIP
train: (0.05144335, (0.85671449, 0.85693353)) test: SKIP
train: (0.076412708, (0.85693353, 0.85713601)) test: SKIP
train: (0.062069472, (0.85713601, 0.85735273)) test: SKIP
train: (0.034539763, (0.85735273, 0.85757881)) test: SKIP
train: (0.039614707, (0.85757881, 0.85779792)) test: SKIP
train: (0.022759873, (0.85779792, 0.85802639)) test: SKIP
train: (0.063146241, (0.85802639, 0.858235)) test: SKIP
train: (0.028865535, (0.858235, 0.85846031)) test: SKIP
train: (0.032009605, (0.85846031, 0.8586843)) test: SKIP
train: (0.02238559, (0.8586843, 0.85891211)) test: SKIP
train: (0.023740824, (0.85891211, 0.85914004)) test: SKIP
train: (0.081361383, (0.85914004, 0.85933471)) test: SKIP
train: (0.1019433, (0.85933471, 0.85952246)) test: SKIP
train: (0.047862336, (0.85952246, 0.85973638)) test: (0.81976914, (0.85973638, 0.85776639))
train: (0.022368431, (0.85776639, 0.85798675)) test: SKIP
train: (0.086202592, (0.85798675, 0.85818392)) test: SKIP
train: (0.028711922, (0.85818392, 0.85840136)) test: SKIP
train: (0.027589198, (0.85840136, 0.85861653)) test: SKIP
train: (0.039431885, (0.85861653, 0.85882628)) test: SKIP
train: (0.051248085, (0.85882628, 0.85902995)) test: SKIP
train: (0.058714136, (0.85902995, 0.85923332)) test: SKIP
train: (0.033221893, (0.85923332, 0.8594442)) test: SKIP
train: (0.055693038, (0.8594442, 0.85964572)) test: SKIP
train: (0.089237362, (0.85964572, 0.85983098)) test: SKIP
train: (0.043065373, (0.85983098, 0.86003661)) test: SKIP
train: (0.026921986, (0.86003661, 0.86025095)) test: SKIP
train: (0.039088324, (0.86025095, 0.86045855)) test: SKIP
train: (0.033646431, (0.86045855, 0.86066806)) test: SKIP
train: (0.042704433, (0.86066806, 0.86086935)) test: SKIP
train: (0.095054582, (0.86086935, 0.8610568)) test: SKIP
train: (0.035991915, (0.8610568, 0.86126339)) test: SKIP
train: (0.094653301, (0.86126339, 0.86144102)) test: SKIP
train: (0.060880959, (0.86144102, 0.86163396)) test: SKIP
train: (0.093732044, (0.86163396, 0.86182308)) test: (0.85839355, (0.86182308, 0.85960138))
train: (0.041389596, (0.85960138, 0.85979903)) test: SKIP
train: (0.11669983, (0.85979903, 0.85996968)) test: SKIP
train: (0.05210581, (0.85996968, 0.86016017)) test: SKIP
train: (0.08185672, (0.86016017, 0.86033356)) test: SKIP
train: (0.054775693, (0.86033356, 0.86052352)) test: SKIP
train: (0.067794308, (0.86052352, 0.86070615)) test: SKIP
train: (0.061516348, (0.86070615, 0.86089069)) test: SKIP
train: (0.02004409, (0.86089069, 0.86109412)) test: SKIP
train: (0.043946397, (0.86109412, 0.86128718)) test: SKIP
train: (0.044684786, (0.86128718, 0.86147821)) test: SKIP
train: (0.024188844, (0.86147821, 0.86167967)) test: SKIP
train: (0.10400651, (0.86167967, 0.86184675)) test: SKIP
train: (0.048670322, (0.86184675, 0.86203289)) test: SKIP
train: (0.022591844, (0.86203289, 0.8622359)) test: SKIP
train: (0.040444683, (0.8622359, 0.86242896)) test: SKIP
train: (0.035738565, (0.86242896, 0.86262339)) test: SKIP
train: (0.01918531, (0.86262339, 0.86282533)) test: SKIP
train: (0.021729078, (0.86282533, 0.86302549)) test: SKIP
train: (0.16718391, (0.86302549, 0.86318189)) test: SKIP
train: (0.052411385, (0.86318189, 0.86336523)) test: (0.91800708, (0.86336523, 0.86139989))
train: (0.025150925, (0.86139989, 0.86159348)) test: SKIP
train: (0.02123888, (0.86159348, 0.86178768)) test: SKIP
train: (0.024418663, (0.86178768, 0.86198115)) test: SKIP
train: (0.034949806, (0.86198115, 0.86216569)) test: SKIP
train: (0.072147258, (0.86216569, 0.86233479)) test: SKIP
train: (0.072838724, (0.86233479, 0.8625015)) test: SKIP
train: (0.070593759, (0.8625015, 0.86266965)) test: SKIP
train: (0.077902921, (0.86266965, 0.86283433)) test: SKIP
train: (0.10678582, (0.86283433, 0.8629868)) test: SKIP
train: (0.08782956, (0.8629868, 0.86314511)) test: SKIP
train: (0.057434656, (0.86314511, 0.86331636)) test: SKIP
train: (0.054378361, (0.86331636, 0.86348701)) test: SKIP
train: (0.081575692, (0.86348701, 0.86364847)) test: SKIP
train: (0.10355173, (0.86364847, 0.86379701)) test: SKIP
train: (0.05982716, (0.86379701, 0.86396748)) test: SKIP
train: (0.060700577, (0.86396748, 0.86413497)) test: SKIP
train: (0.065009803, (0.86413497, 0.86430126)) test: SKIP
train: (0.05872098, (0.86430126, 0.86447054)) test: SKIP
train: (0.082505658, (0.86447054, 0.86463022)) test: SKIP
train: (0.073539719, (0.86463022, 0.864793)) test: (0.7288776, (0.864793, 0.86340058))
